[12/May/2013:20:30:09] ENGINE Bus STARTING
[12/May/2013:20:30:09] ENGINE Started monitor thread '_TimeoutMonitor'.
[12/May/2013:20:30:09] ENGINE Serving on localhost:8080
[12/May/2013:20:30:09] ENGINE Bus STARTED
[12/May/2013:20:35:22] ENGINE Keyboard Interrupt: shutting down bus
[12/May/2013:20:35:22] ENGINE Bus STOPPING
[12/May/2013:20:35:22] ENGINE HTTP Server cherrypy._cpwsgi_server.CPWSGIServer(('localhost', 8080)) shut down
[12/May/2013:20:35:22] ENGINE Stopped thread '_TimeoutMonitor'.
[12/May/2013:20:35:22] ENGINE Bus STOPPED
[12/May/2013:20:35:22] ENGINE Bus EXITING
[12/May/2013:20:35:22] ENGINE Bus EXITED
[12/May/2013:20:35:22] ENGINE Waiting for child threads to terminate...
[12/May/2013:21:52:06] ENGINE Bus STARTING
[12/May/2013:21:52:06] ENGINE Started monitor thread '_TimeoutMonitor'.
[12/May/2013:21:52:07] ENGINE Serving on localhost:8080
[12/May/2013:21:52:07] ENGINE Bus STARTED
[12/May/2013:21:52:16] ENGINE Keyboard Interrupt: shutting down bus
[12/May/2013:21:52:16] ENGINE Bus STOPPING
[12/May/2013:21:52:21] ENGINE HTTP Server cherrypy._cpwsgi_server.CPWSGIServer(('localhost', 8080)) shut down
[12/May/2013:21:52:21] ENGINE Stopped thread '_TimeoutMonitor'.
[12/May/2013:21:52:21] ENGINE Bus STOPPED
[12/May/2013:21:52:21] ENGINE Bus EXITING
[12/May/2013:21:52:21] ENGINE Bus EXITED
[12/May/2013:21:52:21] ENGINE Waiting for child threads to terminate...
[12/May/2013:21:52:46] ENGINE Bus STARTING
[12/May/2013:21:52:46] ENGINE Started monitor thread '_TimeoutMonitor'.
[12/May/2013:21:52:46] ENGINE Serving on localhost:8080
[12/May/2013:21:52:46] ENGINE Bus STARTED
[12/May/2013:21:53:35] ENGINE Keyboard Interrupt: shutting down bus
[12/May/2013:21:53:35] ENGINE Bus STOPPING
[12/May/2013:21:53:40] ENGINE HTTP Server cherrypy._cpwsgi_server.CPWSGIServer(('localhost', 8080)) shut down
[12/May/2013:21:53:40] ENGINE Stopped thread '_TimeoutMonitor'.
[12/May/2013:21:53:40] ENGINE Bus STOPPED
[12/May/2013:21:53:40] ENGINE Bus EXITING
[12/May/2013:21:53:40] ENGINE Bus EXITED
[12/May/2013:21:53:40] ENGINE Waiting for child threads to terminate...
[12/May/2013:23:47:27] ENGINE Bus STARTING
[12/May/2013:23:47:27] ENGINE Started monitor thread '_TimeoutMonitor'.
[12/May/2013:23:47:27] ENGINE Serving on localhost:8080
[12/May/2013:23:47:27] ENGINE Bus STARTED
[12/May/2013:23:48:13] ENGINE Keyboard Interrupt: shutting down bus
[12/May/2013:23:48:13] ENGINE Bus STOPPING
[12/May/2013:23:48:13] ENGINE HTTP Server cherrypy._cpwsgi_server.CPWSGIServer(('localhost', 8080)) shut down
[12/May/2013:23:48:13] ENGINE Stopped thread '_TimeoutMonitor'.
[12/May/2013:23:48:13] ENGINE Bus STOPPED
[12/May/2013:23:48:13] ENGINE Bus EXITING
[12/May/2013:23:48:13] ENGINE Bus EXITED
[12/May/2013:23:48:13] ENGINE Waiting for child threads to terminate...
[12/May/2013:23:48:19] ENGINE Bus STARTING
[12/May/2013:23:48:19] ENGINE Started monitor thread '_TimeoutMonitor'.
[12/May/2013:23:48:19] ENGINE Serving on localhost:8080
[12/May/2013:23:48:19] ENGINE Bus STARTED
[13/May/2013:00:18:49] ENGINE Keyboard Interrupt: shutting down bus
[13/May/2013:00:18:49] ENGINE Bus STOPPING
[13/May/2013:00:18:49] ENGINE HTTP Server cherrypy._cpwsgi_server.CPWSGIServer(('localhost', 8080)) shut down
[13/May/2013:00:18:49] ENGINE Stopped thread '_TimeoutMonitor'.
[13/May/2013:00:18:49] ENGINE Bus STOPPED
[13/May/2013:00:18:49] ENGINE Bus EXITING
[13/May/2013:00:18:49] ENGINE Bus EXITED
[13/May/2013:00:18:49] ENGINE Waiting for child threads to terminate...
[13/May/2013:00:28:33] ENGINE Bus STARTING
[13/May/2013:00:28:33] ENGINE Started monitor thread '_TimeoutMonitor'.
[13/May/2013:00:28:33] ENGINE Serving on localhost:8080
[13/May/2013:00:28:33] ENGINE Bus STARTED
[13/May/2013:00:29:25] ENGINE Keyboard Interrupt: shutting down bus
[13/May/2013:00:29:25] ENGINE Bus STOPPING
[13/May/2013:00:29:25] ENGINE HTTP Server cherrypy._cpwsgi_server.CPWSGIServer(('localhost', 8080)) shut down
[13/May/2013:00:29:25] ENGINE Stopped thread '_TimeoutMonitor'.
[13/May/2013:00:29:25] ENGINE Bus STOPPED
[13/May/2013:00:29:25] ENGINE Bus EXITING
[13/May/2013:00:29:25] ENGINE Bus EXITED
[13/May/2013:00:29:25] ENGINE Waiting for child threads to terminate...
[13/May/2013:00:29:36] ENGINE Bus STARTING
[13/May/2013:00:29:36] ENGINE Started monitor thread '_TimeoutMonitor'.
[13/May/2013:00:29:36] ENGINE Serving on localhost:8080
[13/May/2013:00:29:36] ENGINE Bus STARTED
[13/May/2013:00:32:37] ENGINE Keyboard Interrupt: shutting down bus
[13/May/2013:00:32:37] ENGINE Bus STOPPING
[13/May/2013:00:32:37] ENGINE HTTP Server cherrypy._cpwsgi_server.CPWSGIServer(('localhost', 8080)) shut down
[13/May/2013:00:32:37] ENGINE Stopped thread '_TimeoutMonitor'.
[13/May/2013:00:32:37] ENGINE Bus STOPPED
[13/May/2013:00:32:37] ENGINE Bus EXITING
[13/May/2013:00:32:37] ENGINE Bus EXITED
[13/May/2013:00:32:37] ENGINE Waiting for child threads to terminate...
[13/May/2013:21:57:13] ENGINE Bus STARTING
[13/May/2013:21:57:13] ENGINE Started monitor thread '_TimeoutMonitor'.
[13/May/2013:21:57:13] ENGINE Serving on localhost:8080
[13/May/2013:21:57:13] ENGINE Bus STARTED
[13/May/2013:21:58:09] ENGINE Keyboard Interrupt: shutting down bus
[13/May/2013:21:58:09] ENGINE Bus STOPPING
[13/May/2013:21:58:09] ENGINE HTTP Server cherrypy._cpwsgi_server.CPWSGIServer(('localhost', 8080)) shut down
[13/May/2013:21:58:09] ENGINE Stopped thread '_TimeoutMonitor'.
[13/May/2013:21:58:09] ENGINE Bus STOPPED
[13/May/2013:21:58:09] ENGINE Bus EXITING
[13/May/2013:21:58:09] ENGINE Bus EXITED
[13/May/2013:21:58:09] ENGINE Waiting for child threads to terminate...
[13/May/2013:23:44:12] ENGINE Bus STARTING
[13/May/2013:23:44:12] ENGINE Started monitor thread '_TimeoutMonitor'.
[13/May/2013:23:44:12] ENGINE Serving on localhost:8080
[13/May/2013:23:44:12] ENGINE Bus STARTED
[13/May/2013:23:45:56] ENGINE Keyboard Interrupt: shutting down bus
[13/May/2013:23:45:56] ENGINE Bus STOPPING
[13/May/2013:23:45:56] ENGINE HTTP Server cherrypy._cpwsgi_server.CPWSGIServer(('localhost', 8080)) shut down
[13/May/2013:23:45:56] ENGINE Stopped thread '_TimeoutMonitor'.
[13/May/2013:23:45:56] ENGINE Bus STOPPED
[13/May/2013:23:45:56] ENGINE Bus EXITING
[13/May/2013:23:45:56] ENGINE Bus EXITED
[13/May/2013:23:45:56] ENGINE Waiting for child threads to terminate...
[13/May/2013:23:45:58] ENGINE Bus STARTING
[13/May/2013:23:45:58] ENGINE Started monitor thread '_TimeoutMonitor'.
[13/May/2013:23:45:58] ENGINE Serving on localhost:8080
[13/May/2013:23:45:58] ENGINE Bus STARTED
[13/May/2013:23:46:03] ENGINE Keyboard Interrupt: shutting down bus
[13/May/2013:23:46:03] ENGINE Bus STOPPING
[13/May/2013:23:46:03] ENGINE HTTP Server cherrypy._cpwsgi_server.CPWSGIServer(('localhost', 8080)) shut down
[13/May/2013:23:46:03] ENGINE Stopped thread '_TimeoutMonitor'.
[13/May/2013:23:46:03] ENGINE Bus STOPPED
[13/May/2013:23:46:03] ENGINE Bus EXITING
[13/May/2013:23:46:03] ENGINE Bus EXITED
[13/May/2013:23:46:03] ENGINE Waiting for child threads to terminate...
[13/May/2013:23:49:41] ENGINE Bus STARTING
[13/May/2013:23:49:41] ENGINE Started monitor thread '_TimeoutMonitor'.
[13/May/2013:23:49:41] ENGINE Serving on localhost:8080
[13/May/2013:23:49:41] ENGINE Bus STARTED
[13/May/2013:23:49:56] ENGINE Keyboard Interrupt: shutting down bus
[13/May/2013:23:49:56] ENGINE Bus STOPPING
[13/May/2013:23:50:01] ENGINE HTTP Server cherrypy._cpwsgi_server.CPWSGIServer(('localhost', 8080)) shut down
[13/May/2013:23:50:01] ENGINE Stopped thread '_TimeoutMonitor'.
[13/May/2013:23:50:01] ENGINE Bus STOPPED
[13/May/2013:23:50:01] ENGINE Bus EXITING
[13/May/2013:23:50:01] ENGINE Bus EXITED
[13/May/2013:23:50:01] ENGINE Waiting for child threads to terminate...
[13/May/2013:23:50:17] ENGINE Bus STARTING
[13/May/2013:23:50:17] ENGINE Started monitor thread '_TimeoutMonitor'.
[13/May/2013:23:50:17] ENGINE Serving on localhost:8080
[13/May/2013:23:50:17] ENGINE Bus STARTED
[13/May/2013:23:55:44] ENGINE Keyboard Interrupt: shutting down bus
[13/May/2013:23:55:44] ENGINE Bus STOPPING
[13/May/2013:23:55:44] ENGINE HTTP Server cherrypy._cpwsgi_server.CPWSGIServer(('localhost', 8080)) shut down
[13/May/2013:23:55:44] ENGINE Stopped thread '_TimeoutMonitor'.
[13/May/2013:23:55:44] ENGINE Bus STOPPED
[13/May/2013:23:55:44] ENGINE Bus EXITING
[13/May/2013:23:55:44] ENGINE Bus EXITED
[13/May/2013:23:55:44] ENGINE Waiting for child threads to terminate...
[14/May/2013:00:03:46] ENGINE Bus STARTING
[14/May/2013:00:03:46] ENGINE Started monitor thread '_TimeoutMonitor'.
[14/May/2013:00:03:46] ENGINE Serving on localhost:8080
[14/May/2013:00:03:46] ENGINE Bus STARTED
[14/May/2013:00:03:55] ENGINE Keyboard Interrupt: shutting down bus
[14/May/2013:00:03:55] ENGINE Bus STOPPING
[14/May/2013:00:04:00] ENGINE HTTP Server cherrypy._cpwsgi_server.CPWSGIServer(('localhost', 8080)) shut down
[14/May/2013:00:04:00] ENGINE Stopped thread '_TimeoutMonitor'.
[14/May/2013:00:04:00] ENGINE Bus STOPPED
[14/May/2013:00:04:00] ENGINE Bus EXITING
[14/May/2013:00:04:00] ENGINE Bus EXITED
[14/May/2013:00:04:00] ENGINE Waiting for child threads to terminate...
[14/May/2013:00:28:59] ENGINE Bus STARTING
[14/May/2013:00:28:59] ENGINE Started monitor thread '_TimeoutMonitor'.
[14/May/2013:00:28:59] ENGINE Serving on localhost:8080
[14/May/2013:00:28:59] ENGINE Bus STARTED
[14/May/2013:00:31:17] ENGINE Keyboard Interrupt: shutting down bus
[14/May/2013:00:31:17] ENGINE Bus STOPPING
[14/May/2013:00:31:17] ENGINE HTTP Server cherrypy._cpwsgi_server.CPWSGIServer(('localhost', 8080)) shut down
[14/May/2013:00:31:17] ENGINE Stopped thread '_TimeoutMonitor'.
[14/May/2013:00:31:17] ENGINE Bus STOPPED
[14/May/2013:00:31:17] ENGINE Bus EXITING
[14/May/2013:00:31:17] ENGINE Bus EXITED
[14/May/2013:00:31:17] ENGINE Waiting for child threads to terminate...
[14/May/2013:00:31:22] ENGINE Bus STARTING
[14/May/2013:00:31:22] ENGINE Started monitor thread '_TimeoutMonitor'.
[14/May/2013:00:31:22] ENGINE Serving on localhost:8080
[14/May/2013:00:31:22] ENGINE Bus STARTED
[14/May/2013:00:31:38] ENGINE Keyboard Interrupt: shutting down bus
[14/May/2013:00:31:38] ENGINE Bus STOPPING
[14/May/2013:00:31:43] ENGINE HTTP Server cherrypy._cpwsgi_server.CPWSGIServer(('localhost', 8080)) shut down
[14/May/2013:00:31:43] ENGINE Stopped thread '_TimeoutMonitor'.
[14/May/2013:00:31:43] ENGINE Bus STOPPED
[14/May/2013:00:31:43] ENGINE Bus EXITING
[14/May/2013:00:31:43] ENGINE Bus EXITED
[14/May/2013:00:31:43] ENGINE Waiting for child threads to terminate...
[14/May/2013:00:32:02] ENGINE Bus STARTING
[14/May/2013:00:32:02] ENGINE Started monitor thread '_TimeoutMonitor'.
[14/May/2013:00:32:02] ENGINE Serving on localhost:8080
[14/May/2013:00:32:02] ENGINE Bus STARTED
[14/May/2013:00:33:24] ENGINE Keyboard Interrupt: shutting down bus
[14/May/2013:00:33:24] ENGINE Bus STOPPING
[14/May/2013:00:33:24] ENGINE HTTP Server cherrypy._cpwsgi_server.CPWSGIServer(('localhost', 8080)) shut down
[14/May/2013:00:33:24] ENGINE Stopped thread '_TimeoutMonitor'.
[14/May/2013:00:33:24] ENGINE Bus STOPPED
[14/May/2013:00:33:24] ENGINE Bus EXITING
[14/May/2013:00:33:24] ENGINE Bus EXITED
[14/May/2013:00:33:24] ENGINE Waiting for child threads to terminate...
[14/May/2013:00:33:30] ENGINE Bus STARTING
[14/May/2013:00:33:30] ENGINE Started monitor thread '_TimeoutMonitor'.
[14/May/2013:00:33:30] ENGINE Serving on localhost:8080
[14/May/2013:00:33:30] ENGINE Bus STARTED
[14/May/2013:00:34:29] ENGINE Keyboard Interrupt: shutting down bus
[14/May/2013:00:34:29] ENGINE Bus STOPPING
[14/May/2013:00:34:29] ENGINE HTTP Server cherrypy._cpwsgi_server.CPWSGIServer(('localhost', 8080)) shut down
[14/May/2013:00:34:29] ENGINE Stopped thread '_TimeoutMonitor'.
[14/May/2013:00:34:29] ENGINE Bus STOPPED
[14/May/2013:00:34:29] ENGINE Bus EXITING
[14/May/2013:00:34:29] ENGINE Bus EXITED
[14/May/2013:00:34:29] ENGINE Waiting for child threads to terminate...
[14/May/2013:00:34:35] ENGINE Bus STARTING
[14/May/2013:00:34:35] ENGINE Started monitor thread '_TimeoutMonitor'.
[14/May/2013:00:34:35] ENGINE Serving on localhost:8080
[14/May/2013:00:34:35] ENGINE Bus STARTED
[14/May/2013:00:35:52] ENGINE Keyboard Interrupt: shutting down bus
[14/May/2013:00:35:52] ENGINE Bus STOPPING
[14/May/2013:00:35:52] ENGINE HTTP Server cherrypy._cpwsgi_server.CPWSGIServer(('localhost', 8080)) shut down
[14/May/2013:00:35:52] ENGINE Stopped thread '_TimeoutMonitor'.
[14/May/2013:00:35:52] ENGINE Bus STOPPED
[14/May/2013:00:35:52] ENGINE Bus EXITING
[14/May/2013:00:35:52] ENGINE Bus EXITED
[14/May/2013:00:35:52] ENGINE Waiting for child threads to terminate...
